android-app/build/outputs/apk/manifest-merger-debug-report.txt
-- Merging decision tree log ---
manifest
ADDED from AndroidManifest.xml:2:1
	package
		ADDED from AndroidManifest.xml:3:11
	android:versionName
		INJECTED from AndroidManifest.xml:0:0
		INJECTED from AndroidManifest.xml:0:0
	xmlns:android
		ADDED from AndroidManifest.xml:2:11
	android:versionCode
		INJECTED from AndroidManifest.xml:0:0
		INJECTED from AndroidManifest.xml:0:0
application
ADDED from AndroidManifest.xml:6:5
MERGED from com.google.android.gms:play-services:6.1.71:16:5
MERGED from com.android.support:support-v4:21.0.0:16:5
MERGED from com.android.support:appcompat-v7:21.0.0:16:5
MERGED from com.android.support:support-v4:21.0.0:16:5
MERGED from com.android.support:cardview-v7:21.0.0:16:5
MERGED from com.android.support:gridlayout-v7:21.0.0:16:5
MERGED from com.android.support:support-v4:21.0.0:16:5
MERGED from com.android.support:mediarouter-v7:21.0.0:16:5
MERGED from com.android.support:appcompat-v7:21.0.0:16:5
MERGED from com.android.support:support-v4:21.0.0:16:5
MERGED from com.android.support:palette-v7:21.0.0:16:5
MERGED from com.android.support:support-v4:21.0.0:16:5
MERGED from com.android.support:recyclerview-v7:21.0.0:17:5
MERGED from com.android.support:support-v4:21.0.0:16:5
MERGED from com.android.support:support-v13:21.0.0:16:5
MERGED from com.android.support:support-v4:21.0.0:16:5
MERGED from com.android.support:support-v4:21.0.0:16:5
	android:label
		ADDED from AndroidManifest.xml:6:18
	android:icon
		ADDED from AndroidManifest.xml:6:51
	android:theme
		ADDED from AndroidManifest.xml:7:18
activity#de.unisaarland.UniApp.MainActivity
ADDED from AndroidManifest.xml:8:9
	android:label
		ADDED from AndroidManifest.xml:9:19
	android:name
		ADDED from AndroidManifest.xml:8:19
intent-filter#android.intent.action.MAIN+android.intent.category.LAUNCHER
ADDED from AndroidManifest.xml:10:13
action#android.intent.action.MAIN
ADDED from AndroidManifest.xml:11:17
	android:name
		ADDED from AndroidManifest.xml:11:25
category#android.intent.category.LAUNCHER
ADDED from AndroidManifest.xml:12:17
	android:name
		ADDED from AndroidManifest.xml:12:27
activity#de.unisaarland.UniApp.SettingsActivity
ADDED from AndroidManifest.xml:16:9
	android:configChanges
		ADDED from AndroidManifest.xml:16:53
	android:name
		ADDED from AndroidManifest.xml:16:19
meta-data#android.support.PARENT_ACTIVITY
ADDED from AndroidManifest.xml:17:13
	android:value
		ADDED from AndroidManifest.xml:19:17
	android:name
		ADDED from AndroidManifest.xml:18:17
activity#de.unisaarland.UniApp.news.NewsActivity
ADDED from AndroidManifest.xml:23:9
	android:label
		ADDED from AndroidManifest.xml:23:53
	android:configChanges
		ADDED from AndroidManifest.xml:23:86
	android:name
		ADDED from AndroidManifest.xml:23:19
activity#de.unisaarland.UniApp.bus.BusActivity
ADDED from AndroidManifest.xml:30:9
	android:label
		ADDED from AndroidManifest.xml:30:51
	android:configChanges
		ADDED from AndroidManifest.xml:30:83
	android:name
		ADDED from AndroidManifest.xml:30:19
activity#de.unisaarland.UniApp.events.EventsActivity
ADDED from AndroidManifest.xml:36:9
	android:label
		ADDED from AndroidManifest.xml:36:57
	android:configChanges
		ADDED from AndroidManifest.xml:36:92
	android:name
		ADDED from AndroidManifest.xml:36:19
activity#de.unisaarland.UniApp.staff.SearchStaffActivity
ADDED from AndroidManifest.xml:42:9
	android:label
		ADDED from AndroidManifest.xml:42:61
	android:name
		ADDED from AndroidManifest.xml:42:19
activity#de.unisaarland.UniApp.campus.CampusActivity
ADDED from AndroidManifest.xml:48:9
	android:label
		ADDED from AndroidManifest.xml:48:58
	android:launchMode
		ADDED from AndroidManifest.xml:48:83
	android:name
		ADDED from AndroidManifest.xml:48:19
meta-data#android.app.searchable
ADDED from AndroidManifest.xml:49:13
	android:resource
		ADDED from AndroidManifest.xml:50:17
	android:name
		ADDED from AndroidManifest.xml:49:24
intent-filter#android.intent.action.SEARCH
ADDED from AndroidManifest.xml:51:13
action#android.intent.action.SEARCH
ADDED from AndroidManifest.xml:52:17
	android:name
		ADDED from AndroidManifest.xml:52:25
activity#de.unisaarland.UniApp.restaurant.RestaurantActivity
ADDED from AndroidManifest.xml:60:9
	android:label
		ADDED from AndroidManifest.xml:60:65
	android:configChanges
		ADDED from AndroidManifest.xml:60:104
	android:name
		ADDED from AndroidManifest.xml:60:19
activity#de.unisaarland.UniApp.restaurant.OpeningHoursActivity
ADDED from AndroidManifest.xml:66:9
	android:configChanges
		ADDED from AndroidManifest.xml:66:67
	android:name
		ADDED from AndroidManifest.xml:66:19
activity#de.unisaarland.UniApp.campus.CampusSearchActivity
ADDED from AndroidManifest.xml:73:9
	android:name
		ADDED from AndroidManifest.xml:73:19
activity#de.unisaarland.UniApp.about.AboutActicvity
ADDED from AndroidManifest.xml:79:9
	android:label
		ADDED from AndroidManifest.xml:79:56
	android:name
		ADDED from AndroidManifest.xml:79:19
activity#de.unisaarland.UniApp.news.NewsArticleActivity
ADDED from AndroidManifest.xml:85:9
	android:configChanges
		ADDED from AndroidManifest.xml:85:60
	android:name
		ADDED from AndroidManifest.xml:85:19
activity#de.unisaarland.UniApp.events.EventDetailActivity
ADDED from AndroidManifest.xml:91:9
	android:configChanges
		ADDED from AndroidManifest.xml:91:62
	android:name
		ADDED from AndroidManifest.xml:91:19
activity#de.unisaarland.UniApp.staff.SearchResultActivity
ADDED from AndroidManifest.xml:97:9
	android:launchMode
		ADDED from AndroidManifest.xml:97:62
	android:configChanges
		ADDED from AndroidManifest.xml:97:93
	android:name
		ADDED from AndroidManifest.xml:97:19
activity#de.unisaarland.UniApp.staff.SearchResultItemDetailActivity
ADDED from AndroidManifest.xml:103:9
	android:launchMode
		ADDED from AndroidManifest.xml:103:72
	android:configChanges
		ADDED from AndroidManifest.xml:103:103
	android:name
		ADDED from AndroidManifest.xml:103:19
activity#de.unisaarland.UniApp.staff.PersonDetailWebActivity
ADDED from AndroidManifest.xml:109:9
	android:launchMode
		ADDED from AndroidManifest.xml:109:65
	android:configChanges
		ADDED from AndroidManifest.xml:109:96
	android:name
		ADDED from AndroidManifest.xml:109:19
activity#de.unisaarland.UniApp.bus.BusDetailActivity
ADDED from AndroidManifest.xml:116:9
	android:configChanges
		ADDED from AndroidManifest.xml:116:57
	android:name
		ADDED from AndroidManifest.xml:116:19
meta-data#com.google.android.gms.version
ADDED from AndroidManifest.xml:122:9
	android:value
		ADDED from AndroidManifest.xml:124:17
	android:name
		ADDED from AndroidManifest.xml:123:17
meta-data#com.google.android.maps.v2.API_KEY
ADDED from AndroidManifest.xml:130:5
	android:value
		ADDED from AndroidManifest.xml:132:14
	android:name
		ADDED from AndroidManifest.xml:131:14
uses-feature#0x00020000
ADDED from AndroidManifest.xml:133:6
	android:glEsVersion
		ADDED from AndroidManifest.xml:134:10
	android:required
		ADDED from AndroidManifest.xml:135:10
uses-permission#android.permission.INTERNET
ADDED from AndroidManifest.xml:141:2
	android:name
		ADDED from AndroidManifest.xml:141:19
uses-permission#android.permission.ACCESS_NETWORK_STATE
ADDED from AndroidManifest.xml:142:2
	android:name
		ADDED from AndroidManifest.xml:142:19
uses-permission#android.permission.WRITE_EXTERNAL_STORAGE
ADDED from AndroidManifest.xml:143:2
	android:name
		ADDED from AndroidManifest.xml:143:19
uses-permission#android.permission.ACCESS_COARSE_LOCATION
ADDED from AndroidManifest.xml:146:5
	android:name
		ADDED from AndroidManifest.xml:146:22
uses-permission#android.permission.ACCESS_FINE_LOCATION
ADDED from AndroidManifest.xml:147:5
	android:name
		ADDED from AndroidManifest.xml:147:22
uses-sdk
INJECTED from AndroidManifest.xml:0:0 reason: use-sdk injection requested
MERGED from com.google.android.gms:play-services:6.1.71:15:5
MERGED from com.android.support:support-v4:21.0.0:15:5
MERGED from com.android.support:appcompat-v7:21.0.0:15:5
MERGED from com.android.support:support-v4:21.0.0:15:5
MERGED from com.android.support:cardview-v7:21.0.0:15:5
MERGED from com.android.support:gridlayout-v7:21.0.0:15:5
MERGED from com.android.support:support-v4:21.0.0:15:5
MERGED from com.android.support:mediarouter-v7:21.0.0:15:5
MERGED from com.android.support:appcompat-v7:21.0.0:15:5
MERGED from com.android.support:support-v4:21.0.0:15:5
MERGED from com.android.support:palette-v7:21.0.0:15:5
MERGED from com.android.support:support-v4:21.0.0:15:5
MERGED from com.android.support:recyclerview-v7:21.0.0:15:5
MERGED from com.android.support:support-v4:21.0.0:15:5
MERGED from com.android.support:support-v13:21.0.0:15:5
MERGED from com.android.support:support-v4:21.0.0:15:5
MERGED from com.android.support:support-v4:21.0.0:15:5
	android:targetSdkVersion
		INJECTED from AndroidManifest.xml:0:0
		INJECTED from AndroidManifest.xml:0:0
	android:minSdkVersion
		INJECTED from AndroidManifest.xml:0:0
		INJECTED from AndroidManifest.xml:0:0
activity#android.support.v7.widget.TestActivity
ADDED from com.android.support:recyclerview-v7:21.0.0:18:9
	android:label
		ADDED from com.android.support:recyclerview-v7:21.0.0:18:19
	android:name
		ADDED from com.android.support:recyclerview-v7:21.0.0:18:60